<?xml version="1.0" encoding="UTF-8"?>
<!-- Generated by org.testng.reporters.JUnitXMLReporter -->
<testsuite ignored="0" hostname="LAPTOP-KFF43P82" failures="0" tests="1" name="Test-run2" time="18.154" errors="0" timestamp="2023-04-02T12:06:54 IST">
  <testcase classname="vtiger.Organization.Tests.CreateOrganizationwithIndustrytypeTest" name="createOrganizationTest" time="7.868"/>
</testsuite> <!-- Test-run2 -->
