<?xml version="1.0" encoding="UTF-8"?>
<!-- Generated by org.testng.reporters.JUnitXMLReporter -->
<testsuite ignored="4" hostname="LAPTOP-KFF43P82" failures="0" tests="6" name="Test-run1" time="43.953" errors="0" timestamp="2023-04-02T12:07:20 IST">
  <testcase classname="vtiger.GenericUtility.BaseClass" name="@BeforeMethod bmConfig" time="0.0">
    <failure type="java.lang.NullPointerException" message="Cannot invoke &amp;quot;org.openqa.selenium.SearchContext.findElement(org.openqa.selenium.By)&amp;quot; because &amp;quot;this.searchContext&amp;quot; is null">
      <![CDATA[java.lang.NullPointerException: Cannot invoke "org.openqa.selenium.SearchContext.findElement(org.openqa.selenium.By)" because "this.searchContext" is null
at org.openqa.selenium.support.pagefactory.DefaultElementLocator.findElement(DefaultElementLocator.java:70)
at org.openqa.selenium.support.pagefactory.internal.LocatingElementHandler.invoke(LocatingElementHandler.java:39)
at jdk.proxy2/jdk.proxy2.$Proxy22.sendKeys(Unknown Source)
at vtiger.ObjectRepository.LoginPage.loginToApp(LoginPage.java:43)
at vtiger.GenericUtility.BaseClass.bmConfig(BaseClass.java:68)
at java.base/java.util.ArrayList.forEach(ArrayList.java:1511)
at java.base/java.util.concurrent.FutureTask.run(FutureTask.java:264)
at java.base/java.util.concurrent.ThreadPoolExecutor.runWorker(ThreadPoolExecutor.java:1136)
at java.base/java.util.concurrent.ThreadPoolExecutor$Worker.run(ThreadPoolExecutor.java:635)
at java.base/java.lang.Thread.run(Thread.java:833)
... Removed 20 stack frames]]>
    </failure>
  </testcase> <!-- @BeforeMethod bmConfig -->
  <testcase classname="vtiger.GenericUtility.BaseClass" name="@AfterMethod afConfig" time="-1.680417439221E9">
    <skipped/>
  </testcase> <!-- @AfterMethod afConfig -->
  <testcase classname="vtiger.GenericUtility.BaseClass" name="@BeforeMethod bmConfig" time="0.0">
    <failure type="java.lang.NullPointerException" message="Cannot invoke &amp;quot;org.openqa.selenium.SearchContext.findElement(org.openqa.selenium.By)&amp;quot; because &amp;quot;this.searchContext&amp;quot; is null">
      <![CDATA[java.lang.NullPointerException: Cannot invoke "org.openqa.selenium.SearchContext.findElement(org.openqa.selenium.By)" because "this.searchContext" is null
at org.openqa.selenium.support.pagefactory.DefaultElementLocator.findElement(DefaultElementLocator.java:70)
at org.openqa.selenium.support.pagefactory.internal.LocatingElementHandler.invoke(LocatingElementHandler.java:39)
at jdk.proxy2/jdk.proxy2.$Proxy22.sendKeys(Unknown Source)
at vtiger.ObjectRepository.LoginPage.loginToApp(LoginPage.java:43)
at vtiger.GenericUtility.BaseClass.bmConfig(BaseClass.java:68)
at java.base/java.util.ArrayList.forEach(ArrayList.java:1511)
at java.base/java.util.concurrent.FutureTask.run(FutureTask.java:264)
at java.base/java.util.concurrent.ThreadPoolExecutor.runWorker(ThreadPoolExecutor.java:1136)
at java.base/java.util.concurrent.ThreadPoolExecutor$Worker.run(ThreadPoolExecutor.java:635)
at java.base/java.lang.Thread.run(Thread.java:833)
... Removed 20 stack frames]]>
    </failure>
  </testcase> <!-- @BeforeMethod bmConfig -->
  <testcase classname="vtiger.GenericUtility.BaseClass" name="@AfterMethod afConfig" time="-1.680417439232E9">
    <skipped/>
  </testcase> <!-- @AfterMethod afConfig -->
  <testcase classname="vtiger.Organization.Tests.MultipleOrganizationNameTest" name="multipleOrganizationNameTest" time="7.414"/>
  <testcase classname="vtiger.Organization.Tests.MultipleOrganizationNameTest" name="multipleOrganizationNameTest" time="6.097"/>
  <testcase classname="vtiger.Organization.Tests.MultipleOrganizationNameTest" name="multipleOrganizationNameTest" time="6.255"/>
  <testcase classname="vtiger.Organization.Tests.MultipleOrganizationNameTest" name="multipleOrganizationNameTest" time="6.235"/>
  <testcase classname="vtiger.Organization.Tests.CreateOrganizationTest" name="DemooTest" time="0.0">
    <skipped/>
  </testcase> <!-- DemooTest -->
  <testcase classname="vtiger.Organization.Tests.CreateOrganizationTest" name="createOrganizationTest" time="0.0">
    <skipped/>
  </testcase> <!-- createOrganizationTest -->
  <testcase classname="vtiger.GenericUtility.BaseClass" name="@BeforeTest bcConfig" time="0.0">
    <ignored/>
  </testcase> <!-- @BeforeTest bcConfig -->
  <testcase classname="vtiger.GenericUtility.BaseClass" name="@AfterTest acConfig" time="0.0">
    <ignored/>
  </testcase> <!-- @AfterTest acConfig -->
  <testcase classname="vtiger.GenericUtility.BaseClass" name="@BeforeSuite bsConfig" time="0.0">
    <ignored/>
  </testcase> <!-- @BeforeSuite bsConfig -->
  <testcase classname="vtiger.GenericUtility.BaseClass" name="@AfterSuite asConfig" time="0.0">
    <ignored/>
  </testcase> <!-- @AfterSuite asConfig -->
</testsuite> <!-- Test-run1 -->
