<?xml version="1.0" encoding="UTF-8"?>
<!-- Generated by org.testng.reporters.JUnitReportReporter -->
<testsuite hostname="LAPTOP-KFF43P82" failures="0" tests="4" name="vtiger.practice.DataProviderCVBN" time="0.013" errors="0" timestamp="2023-03-28T00:22:32 IST" skipped="0">
  <testcase classname="vtiger.practice.DataProviderCVBN" name="TestPeform" time="0.001"/>
  <system-out/>
  <testcase classname="vtiger.practice.DataProviderCVBN" name="TestPeform" time="0.002"/>
  <system-out/>
  <testcase classname="vtiger.practice.DataProviderCVBN" name="TestPeform" time="0.001"/>
  <system-out/>
  <testcase classname="vtiger.practice.DataProviderCVBN" name="TestPeform" time="0.009"/>
  <system-out/>
</testsuite> <!-- vtiger.practice.DataProviderCVBN -->
