<?xml version="1.0" encoding="UTF-8"?>
<!-- Generated by org.testng.reporters.JUnitReportReporter -->
<testsuite hostname="LAPTOP-KFF43P82" failures="0" tests="1" name="vtiger.practice.TestNGPractise" time="0.022" errors="0" timestamp="2023-04-07T12:26:45 IST" skipped="0">
  <testcase classname="vtiger.practice.TestNGPractise" name="deleteUserTest" time="0.022"/>
  <system-out/>
</testsuite> <!-- vtiger.practice.TestNGPractise -->
