<?xml version="1.0" encoding="UTF-8"?>
<!-- Generated by org.testng.reporters.JUnitReportReporter -->
<testsuite hostname="LAPTOP-KFF43P82" failures="0" tests="1" name="vtiger.Campaign.Tests.CreateCampaignWithProductTest" time="28.677" errors="0" timestamp="2023-04-08T11:05:45 IST" skipped="0">
  <testcase classname="vtiger.Campaign.Tests.CreateCampaignWithProductTest" name="createCampaignWithProductTest" time="28.677"/>
  <system-out/>
</testsuite> <!-- vtiger.Campaign.Tests.CreateCampaignWithProductTest -->
