<?xml version="1.0" encoding="UTF-8"?>
<!-- Generated by org.testng.reporters.JUnitReportReporter -->
<testsuite hostname="LAPTOP-KFF43P82" failures="0" tests="1" name="vtiger.Organization.Tests.CreateOrganizationTest" time="20.991" errors="0" timestamp="2023-04-04T12:04:24 IST" skipped="0">
  <testcase classname="vtiger.Organization.Tests.CreateOrganizationTest" name="createOrganizationTest" time="20.991"/>
  <system-out>
    <![CDATA[navigated to organization link
clicked on organization look up image
new organization created
new organization createtion validated]]>
  </system-out>
</testsuite> <!-- vtiger.Organization.Tests.CreateOrganizationTest -->
