<?xml version="1.0" encoding="UTF-8"?>
<!-- Generated by org.testng.reporters.JUnitReportReporter -->
<testsuite hostname="LAPTOP-KFF43P82" failures="0" tests="1" name="vtiger.practice.ReadDataFromLine" time="0.015" errors="0" timestamp="2023-04-10T10:59:46 IST" skipped="0">
  <testcase classname="vtiger.practice.ReadDataFromLine" name="test" time="0.015"/>
  <system-out/>
</testsuite> <!-- vtiger.practice.ReadDataFromLine -->
