<?xml version="1.0" encoding="UTF-8"?>
<!-- Generated by org.testng.reporters.JUnitReportReporter -->
<testsuite hostname="LAPTOP-KFF43P82" failures="0" tests="2" name="vtiger.practice.DataProviderPractise" time="0.014" errors="0" timestamp="2023-03-27T10:55:10 IST" skipped="0">
  <testcase classname="vtiger.practice.DataProviderPractise" name="addToCart" time="0.013"/>
  <system-out/>
  <testcase classname="vtiger.practice.DataProviderPractise" name="addToCart" time="0.001"/>
  <system-out/>
</testsuite> <!-- vtiger.practice.DataProviderPractise -->
