<?xml version="1.0" encoding="UTF-8"?>
<!-- Generated by org.testng.reporters.JUnitReportReporter -->
<testsuite hostname="LAPTOP-KFF43P82" failures="0" tests="1" name="vtiger.practice.SimpleEXecuteQuery" time="0.356" errors="0" timestamp="2023-04-21T15:28:41 IST" skipped="0">
  <testcase classname="vtiger.practice.SimpleEXecuteQuery" name="Sample" time="0.356"/>
  <system-out/>
</testsuite> <!-- vtiger.practice.SimpleEXecuteQuery -->
