<?xml version="1.0" encoding="UTF-8"?>
<!-- Generated by org.testng.reporters.JUnitReportReporter -->
<testsuite hostname="LAPTOP-KFF43P82" failures="0" tests="4" name="vtiger.Organization.Tests.MultipleOrganizationNameTest" time="36.469" errors="0" timestamp="2023-04-02T12:07:20 IST" skipped="0">
  <testcase classname="vtiger.Organization.Tests.MultipleOrganizationNameTest" name="multipleOrganizationNameTest" time="9.707"/>
  <system-out/>
  <testcase classname="vtiger.Organization.Tests.MultipleOrganizationNameTest" name="multipleOrganizationNameTest" time="9.438"/>
  <system-out/>
  <testcase classname="vtiger.Organization.Tests.MultipleOrganizationNameTest" name="multipleOrganizationNameTest" time="8.764"/>
  <system-out/>
  <testcase classname="vtiger.Organization.Tests.MultipleOrganizationNameTest" name="multipleOrganizationNameTest" time="8.560"/>
  <system-out/>
</testsuite> <!-- vtiger.Organization.Tests.MultipleOrganizationNameTest -->
